Using pre-set license
Built from '2022.3/release' branch; Version is '2022.3.18f1 (d29bea25151d) revision 13802474'; Using compiler version '192829333'; Build Type 'Release'
OS: 'Windows 10  (10.0.19045) 64bit Core' Language: 'ko' Physical Memory: 16265 MB
BatchMode: 1, IsHumanControllingUs: 0, StartBugReporterOnCrash: 0, Is64bit: 1, IsPro: 1

COMMAND LINE ARGUMENTS:
G:\Unity\Editor\2022.3.18f1\Editor\Unity.exe
-adb2
-batchMode
-noUpm
-name
AssetImportWorker2
-projectPath
G:/GitHub/peng/pengProject
-logFile
Logs/AssetImportWorker2.log
-srvPort
60739
Successfully changed project path to: G:/GitHub/peng/pengProject
G:/GitHub/peng/pengProject
[UnityMemory] Configuration Parameters - Can be set up in boot.config
    "memorysetup-bucket-allocator-granularity=16"
    "memorysetup-bucket-allocator-bucket-count=8"
    "memorysetup-bucket-allocator-block-size=33554432"
    "memorysetup-bucket-allocator-block-count=8"
    "memorysetup-main-allocator-block-size=16777216"
    "memorysetup-thread-allocator-block-size=16777216"
    "memorysetup-gfx-main-allocator-block-size=16777216"
    "memorysetup-gfx-thread-allocator-block-size=16777216"
    "memorysetup-cache-allocator-block-size=4194304"
    "memorysetup-typetree-allocator-block-size=2097152"
    "memorysetup-profiler-bucket-allocator-granularity=16"
    "memorysetup-profiler-bucket-allocator-bucket-count=8"
    "memorysetup-profiler-bucket-allocator-block-size=33554432"
    "memorysetup-profiler-bucket-allocator-block-count=8"
    "memorysetup-profiler-allocator-block-size=16777216"
    "memorysetup-profiler-editor-allocator-block-size=1048576"
    "memorysetup-temp-allocator-size-main=16777216"
    "memorysetup-job-temp-allocator-block-size=2097152"
    "memorysetup-job-temp-allocator-block-size-background=1048576"
    "memorysetup-job-temp-allocator-reduction-small-platforms=262144"
    "memorysetup-allocator-temp-initial-block-size-main=262144"
    "memorysetup-allocator-temp-initial-block-size-worker=262144"
    "memorysetup-temp-allocator-size-background-worker=32768"
    "memorysetup-temp-allocator-size-job-worker=262144"
    "memorysetup-temp-allocator-size-preload-manager=33554432"
    "memorysetup-temp-allocator-size-nav-mesh-worker=65536"
    "memorysetup-temp-allocator-size-audio-worker=65536"
    "memorysetup-temp-allocator-size-cloud-worker=32768"
    "memorysetup-temp-allocator-size-gi-baking-worker=262144"
    "memorysetup-temp-allocator-size-gfx=262144"
Player connection [28980] Host "[IP] 192.168.45.239 [Port] 0 [Flags] 2 [Guid] 3044439557 [EditorId] 3044439557 [Version] 1048832 [Id] WindowsEditor(7,DESKTOP-44E40J8) [Debug] 1 [PackageName] WindowsEditor [ProjectName] Editor" joined multi-casting on [225.0.0.222:54997]...

Player connection [28980] Host "[IP] 192.168.45.239 [Port] 0 [Flags] 2 [Guid] 3044439557 [EditorId] 3044439557 [Version] 1048832 [Id] WindowsEditor(7,DESKTOP-44E40J8) [Debug] 1 [PackageName] WindowsEditor [ProjectName] Editor" joined alternative multi-casting on [225.0.0.222:34997]...

[Physics::Module] Initialized MultithreadedJobDispatcher with 11 workers.
Refreshing native plugins compatible for Editor in 16.94 ms, found 4 plugins.
Preloading 0 native plugins for Editor in 0.00 ms.
Initialize engine version: 2022.3.18f1 (d29bea25151d)
[Subsystems] Discovering subsystems at path G:/Unity/Editor/2022.3.18f1/Editor/Data/Resources/UnitySubsystems
[Subsystems] Discovering subsystems at path G:/GitHub/peng/pengProject/Assets
GfxDevice: creating device client; threaded=0; jobified=0
Direct3D:
    Version:  Direct3D 11.0 [level 11.1]
    Renderer: NVIDIA GeForce RTX 3060 (ID=0x2504)
    Vendor:   NVIDIA
    VRAM:     12115 MB
    Driver:   31.0.15.5152
Initialize mono
Mono path[0] = 'G:/Unity/Editor/2022.3.18f1/Editor/Data/Managed'
Mono path[1] = 'G:/Unity/Editor/2022.3.18f1/Editor/Data/MonoBleedingEdge/lib/mono/unityjit-win32'
Mono config path = 'G:/Unity/Editor/2022.3.18f1/Editor/Data/MonoBleedingEdge/etc'
Using monoOptions --debugger-agent=transport=dt_socket,embedding=1,server=y,suspend=n,address=127.0.0.1:56116
Begin MonoManager ReloadAssembly
Registering precompiled unity dll's ...
Register platform support module: G:/Unity/Editor/2022.3.18f1/Editor/Data/PlaybackEngines/WindowsStandaloneSupport/UnityEditor.WindowsStandalone.Extensions.dll
Registered in 0.006161 seconds.
- Loaded All Assemblies, in  0.337 seconds
Native extension for WindowsStandalone target not found
Mono: successfully reloaded assembly
- Finished resetting the current domain, in  0.239 seconds
Domain Reload Profiling: 575ms
	BeginReloadAssembly (150ms)
		ExecutionOrderSort (0ms)
		DisableScriptedObjects (0ms)
		BackupInstance (0ms)
		ReleaseScriptingObjects (0ms)
		CreateAndSetChildDomain (1ms)
	RebuildCommonClasses (28ms)
	RebuildNativeTypeToScriptingClass (7ms)
	initialDomainReloadingComplete (43ms)
	LoadAllAssembliesAndSetupDomain (109ms)
		LoadAssemblies (149ms)
		RebuildTransferFunctionScriptingTraits (0ms)
		AnalyzeDomain (106ms)
			TypeCache.Refresh (105ms)
				TypeCache.ScanAssembly (95ms)
			ScanForSourceGeneratedMonoScriptInfo (0ms)
			ResolveRequiredComponents (0ms)
	FinalizeReload (240ms)
		ReleaseScriptCaches (0ms)
		RebuildScriptCaches (0ms)
		SetupLoadedEditorAssemblies (192ms)
			LogAssemblyErrors (0ms)
			InitializePlatformSupportModulesInManaged (7ms)
			SetLoadedEditorAssemblies (8ms)
			RefreshPlugins (0ms)
			BeforeProcessingInitializeOnLoad (2ms)
			ProcessInitializeOnLoadAttributes (122ms)
			ProcessInitializeOnLoadMethodAttributes (53ms)
			AfterProcessingInitializeOnLoad (0ms)
			EditorAssembliesLoaded (0ms)
		ExecutionOrderSort2 (0ms)
		AwakeInstancesAfterBackupRestoration (0ms)
========================================================================
Worker process is ready to serve import requests
Begin MonoManager ReloadAssembly
- Loaded All Assemblies, in  0.716 seconds
Refreshing native plugins compatible for Editor in 8.97 ms, found 4 plugins.
Native extension for WindowsStandalone target not found
Package Manager log level set to [2]
[Package Manager] Server::EnsureServerProcessIsRunning -- launch failed, reason: Unity was launched with the -noUpm command-line argument
[Package Manager] UpmClient::Send -- Unable to send message (not connected to UPM process).
[Package Manager] Cannot connect to Unity Package Manager local server
Mono: successfully reloaded assembly
- Finished resetting the current domain, in  0.744 seconds
Domain Reload Profiling: 1460ms
	BeginReloadAssembly (168ms)
		ExecutionOrderSort (0ms)
		DisableScriptedObjects (4ms)
		BackupInstance (0ms)
		ReleaseScriptingObjects (0ms)
		CreateAndSetChildDomain (21ms)
	RebuildCommonClasses (30ms)
	RebuildNativeTypeToScriptingClass (7ms)
	initialDomainReloadingComplete (39ms)
	LoadAllAssembliesAndSetupDomain (471ms)
		LoadAssemblies (392ms)
		RebuildTransferFunctionScriptingTraits (0ms)
		AnalyzeDomain (188ms)
			TypeCache.Refresh (148ms)
				TypeCache.ScanAssembly (135ms)
			ScanForSourceGeneratedMonoScriptInfo (25ms)
			ResolveRequiredComponents (13ms)
	FinalizeReload (745ms)
		ReleaseScriptCaches (0ms)
		RebuildScriptCaches (0ms)
		SetupLoadedEditorAssemblies (564ms)
			LogAssemblyErrors (0ms)
			InitializePlatformSupportModulesInManaged (6ms)
			SetLoadedEditorAssemblies (5ms)
			RefreshPlugins (0ms)
			BeforeProcessingInitializeOnLoad (129ms)
			ProcessInitializeOnLoadAttributes (343ms)
			ProcessInitializeOnLoadMethodAttributes (76ms)
			AfterProcessingInitializeOnLoad (5ms)
			EditorAssembliesLoaded (0ms)
		ExecutionOrderSort2 (0ms)
		AwakeInstancesAfterBackupRestoration (19ms)
Launched and connected shader compiler UnityShaderCompiler.exe after 0.14 seconds
Refreshing native plugins compatible for Editor in 6.16 ms, found 4 plugins.
Preloading 0 native plugins for Editor in 0.00 ms.
Unloading 5656 Unused Serialized files (Serialized files now loaded: 0)
Unloading 100 unused Assets / (0.9 MB). Loaded Objects now: 6100.
Memory consumption went from 220.5 MB to 219.6 MB.
Total: 3.317800 ms (FindLiveObjects: 0.335600 ms CreateObjectMapping: 0.258400 ms MarkObjects: 2.354100 ms  DeleteObjects: 0.368900 ms)

AssetImportParameters requested are different than current active one (requested -> active):
  custom:container-demuxer-ogg: 62fdf1f143b41e24485cea50d1cbac27 -> 
  custom:video-decoder-ogg-theora: a1e56fd34408186e4bbccfd4996cb3dc -> 
  custom:framework-win-MediaFoundation: 216162199b28c13a410421893ffa2e32 -> 
  custom:CustomObjectIndexerAttribute: 62b5816608c3102f162a1797e29626cf -> 
  custom:container-demuxer-webm: 4f35f7cbe854078d1ac9338744f61a02 -> 
  custom:container-muxer-webm: aa71ff27fc2769a1b78a27578f13a17b -> 
  custom:video-decoder-webm-vp8: 9c59270c3fd7afecdb556c50c9e8de78 -> 
  custom:SearchIndexIgnoredProperties: e643bd26f0fe6173181afceb89e7c659 -> 
  custom:AudioImporter_EditorPlatform: d09bf68614088b80899f8185d706f6e7 -> 
  custom:video-encoder-webm-vp8: eb34c28f22e8b96e1ab97ce403110664 -> 
  custom:audio-decoder-ogg-vorbis: bf7c407c2cedff20999df2af8eb42d56 -> 
  custom:audio-encoder-webm-vorbis: bf7c407c2cedff20999df2af8eb42d56 -> 
========================================================================
Received Import Request.
  Time since last request: 46677.161036 seconds.
  path: Assets/Assets/penguin/Spritesheets
  artifactKey: Guid(97200cd20cec77640a067b2129f902f6) Importer(815301076,1909f56bfc062723c751e8b465ee728b)
Start importing Assets/Assets/penguin/Spritesheets using Guid(97200cd20cec77640a067b2129f902f6) Importer(815301076,1909f56bfc062723c751e8b465ee728b)  -> (artifact id: '4be937d821642d3c5dab35e88aabc612') in 0.002273 seconds
Number of updated asset objects reloaded before import = 0
Number of asset objects unloaded after import = 0
========================================================================
Received Import Request.
  Time since last request: 0.020322 seconds.
  path: Assets/Assets/penguin/Spritesheets/Crouch.png
  artifactKey: Guid(6e5276b701653094eb758b7462174387) Importer(815301076,1909f56bfc062723c751e8b465ee728b)
Start importing Assets/Assets/penguin/Spritesheets/Crouch.png using Guid(6e5276b701653094eb758b7462174387) Importer(815301076,1909f56bfc062723c751e8b465ee728b)  -> (artifact id: '2152bad2ca2814a42de373c7d69ab89c') in 0.091711 seconds
Number of updated asset objects reloaded before import = 0
Number of asset objects unloaded after import = 3
========================================================================
Received Import Request.
  Time since last request: 0.000013 seconds.
  path: Assets/Assets/penguin/Spritesheets/Turn.png
  artifactKey: Guid(8c1513a27be11d94b8d373289eda6edf) Importer(815301076,1909f56bfc062723c751e8b465ee728b)
Start importing Assets/Assets/penguin/Spritesheets/Turn.png using Guid(8c1513a27be11d94b8d373289eda6edf) Importer(815301076,1909f56bfc062723c751e8b465ee728b)  -> (artifact id: 'a6f7031ba343ae93c6c1b26095ee2307') in 0.024397 seconds
Number of updated asset objects reloaded before import = 0
Number of asset objects unloaded after import = 3
========================================================================
Received Import Request.
  Time since last request: 0.000018 seconds.
  path: Assets/Assets/penguin/Spritesheets/Spin Attack.png
  artifactKey: Guid(067c9a9a29b5cbe478dbe0ff9a5d91ab) Importer(815301076,1909f56bfc062723c751e8b465ee728b)
Start importing Assets/Assets/penguin/Spritesheets/Spin Attack.png using Guid(067c9a9a29b5cbe478dbe0ff9a5d91ab) Importer(815301076,1909f56bfc062723c751e8b465ee728b)  -> (artifact id: '484dcee92aac9ed14052f47d490efa83') in 0.021092 seconds
Number of updated asset objects reloaded before import = 0
Number of asset objects unloaded after import = 3
========================================================================
Received Prepare
Refreshing native plugins compatible for Editor in 268.44 ms, found 4 plugins.
Preloading 0 native plugins for Editor in 0.00 ms.
Unloading 17 Unused Serialized files (Serialized files now loaded: 0)
Unloading 17 unused Assets / (0.9 MB). Loaded Objects now: 6109.
Memory consumption went from 115.2 MB to 114.3 MB.
Total: 16.685100 ms (FindLiveObjects: 0.688500 ms CreateObjectMapping: 0.195600 ms MarkObjects: 15.286100 ms  DeleteObjects: 0.513700 ms)

Prepare: number of updated asset objects reloaded= 120
AssetImportParameters requested are different than current active one (requested -> active):
  custom:container-demuxer-ogg: 62fdf1f143b41e24485cea50d1cbac27 -> 
  custom:video-decoder-ogg-theora: a1e56fd34408186e4bbccfd4996cb3dc -> 
  custom:framework-win-MediaFoundation: 216162199b28c13a410421893ffa2e32 -> 
  custom:CustomObjectIndexerAttribute: 62b5816608c3102f162a1797e29626cf -> 
  custom:container-demuxer-webm: 4f35f7cbe854078d1ac9338744f61a02 -> 
  custom:container-muxer-webm: aa71ff27fc2769a1b78a27578f13a17b -> 
  custom:video-decoder-webm-vp8: 9c59270c3fd7afecdb556c50c9e8de78 -> 
  custom:SearchIndexIgnoredProperties: e643bd26f0fe6173181afceb89e7c659 -> 
  custom:AudioImporter_EditorPlatform: d09bf68614088b80899f8185d706f6e7 -> 
  custom:video-encoder-webm-vp8: eb34c28f22e8b96e1ab97ce403110664 -> 
  custom:audio-decoder-ogg-vorbis: bf7c407c2cedff20999df2af8eb42d56 -> 
  custom:audio-encoder-webm-vorbis: bf7c407c2cedff20999df2af8eb42d56 -> 
========================================================================
Received Prepare
Refreshing native plugins compatible for Editor in 11.21 ms, found 4 plugins.
Preloading 0 native plugins for Editor in 0.00 ms.
Unloading 17 Unused Serialized files (Serialized files now loaded: 0)
Unloading 17 unused Assets / (0.9 MB). Loaded Objects now: 6109.
Memory consumption went from 115.3 MB to 114.4 MB.
Total: 6.035500 ms (FindLiveObjects: 0.675400 ms CreateObjectMapping: 0.430400 ms MarkObjects: 4.433200 ms  DeleteObjects: 0.495000 ms)

Prepare: number of updated asset objects reloaded= 0
AssetImportParameters requested are different than current active one (requested -> active):
  custom:container-demuxer-ogg: 62fdf1f143b41e24485cea50d1cbac27 -> 
  custom:video-decoder-ogg-theora: a1e56fd34408186e4bbccfd4996cb3dc -> 
  custom:framework-win-MediaFoundation: 216162199b28c13a410421893ffa2e32 -> 
  custom:CustomObjectIndexerAttribute: 62b5816608c3102f162a1797e29626cf -> 
  custom:container-demuxer-webm: 4f35f7cbe854078d1ac9338744f61a02 -> 
  custom:container-muxer-webm: aa71ff27fc2769a1b78a27578f13a17b -> 
  custom:video-decoder-webm-vp8: 9c59270c3fd7afecdb556c50c9e8de78 -> 
  custom:SearchIndexIgnoredProperties: e643bd26f0fe6173181afceb89e7c659 -> 
  custom:AudioImporter_EditorPlatform: d09bf68614088b80899f8185d706f6e7 -> 
  custom:video-encoder-webm-vp8: eb34c28f22e8b96e1ab97ce403110664 -> 
  custom:audio-decoder-ogg-vorbis: bf7c407c2cedff20999df2af8eb42d56 -> 
  custom:audio-encoder-webm-vorbis: bf7c407c2cedff20999df2af8eb42d56 -> 
========================================================================
Received Import Request.
  Time since last request: 844.514107 seconds.
  path: Assets/Assets/penguin/Spritesheets/Crouch.png
  artifactKey: Guid(6e5276b701653094eb758b7462174387) Importer(815301076,1909f56bfc062723c751e8b465ee728b)
Start importing Assets/Assets/penguin/Spritesheets/Crouch.png using Guid(6e5276b701653094eb758b7462174387) Importer(815301076,1909f56bfc062723c751e8b465ee728b)  -> (artifact id: '0b1c5593239cad233afd7acc3c1929b8') in 0.039309 seconds
Number of updated asset objects reloaded before import = 0
Number of asset objects unloaded after import = 3
========================================================================
Received Import Request.
  Time since last request: 0.047431 seconds.
  path: Assets/Assets/penguin/Spritesheets/Fall.png
  artifactKey: Guid(8448e55435302de458569a2d6cbadc33) Importer(815301076,1909f56bfc062723c751e8b465ee728b)
Start importing Assets/Assets/penguin/Spritesheets/Fall.png using Guid(8448e55435302de458569a2d6cbadc33) Importer(815301076,1909f56bfc062723c751e8b465ee728b)  -> (artifact id: 'd8cb483a9a563fba16b3ab8b84fb2a44') in 0.023979 seconds
Number of updated asset objects reloaded before import = 0
Number of asset objects unloaded after import = 3
========================================================================
Received Import Request.
  Time since last request: 0.000016 seconds.
  path: Assets/Assets/penguin/Spritesheets/Roll.png
  artifactKey: Guid(ad82357f72819714db8e8649a58d60a7) Importer(815301076,1909f56bfc062723c751e8b465ee728b)
Start importing Assets/Assets/penguin/Spritesheets/Roll.png using Guid(ad82357f72819714db8e8649a58d60a7) Importer(815301076,1909f56bfc062723c751e8b465ee728b)  -> (artifact id: 'b1f95e817266b93f25f66b16c6499dda') in 0.024062 seconds
Number of updated asset objects reloaded before import = 0
Number of asset objects unloaded after import = 3
========================================================================
Received Import Request.
  Time since last request: 0.000015 seconds.
  path: Assets/Assets/penguin/Spritesheets/Walk.png
  artifactKey: Guid(1720f837fcb54f04ab2c3f75dcca8122) Importer(815301076,1909f56bfc062723c751e8b465ee728b)
Start importing Assets/Assets/penguin/Spritesheets/Walk.png using Guid(1720f837fcb54f04ab2c3f75dcca8122) Importer(815301076,1909f56bfc062723c751e8b465ee728b)  -> (artifact id: '318ea11fa5232f9297ca637f74573dec') in 0.077274 seconds
Number of updated asset objects reloaded before import = 0
Number of asset objects unloaded after import = 3
========================================================================
Received Import Request.
  Time since last request: 0.000020 seconds.
  path: Assets/Assets/penguin/Spritesheets/Idle.png
  artifactKey: Guid(c5fb56b13dea2e049b51995a8e07a31a) Importer(815301076,1909f56bfc062723c751e8b465ee728b)
Start importing Assets/Assets/penguin/Spritesheets/Idle.png using Guid(c5fb56b13dea2e049b51995a8e07a31a) Importer(815301076,1909f56bfc062723c751e8b465ee728b)  -> (artifact id: 'bb283edce2847defa3dbd2639429084f') in 0.044466 seconds
Number of updated asset objects reloaded before import = 0
Number of asset objects unloaded after import = 3
========================================================================
Received Import Request.
  Time since last request: 0.000011 seconds.
  path: Assets/Assets/penguin/Spritesheets/Spin Attack.png
  artifactKey: Guid(067c9a9a29b5cbe478dbe0ff9a5d91ab) Importer(815301076,1909f56bfc062723c751e8b465ee728b)
Start importing Assets/Assets/penguin/Spritesheets/Spin Attack.png using Guid(067c9a9a29b5cbe478dbe0ff9a5d91ab) Importer(815301076,1909f56bfc062723c751e8b465ee728b)  -> (artifact id: '17622a9b8f2d92a654f5222c0923bad4') in 0.020756 seconds
Number of updated asset objects reloaded before import = 0
Number of asset objects unloaded after import = 3
========================================================================
Received Import Request.
  Time since last request: 0.000020 seconds.
  path: Assets/Assets/penguin/Spritesheets/Hurt.png
  artifactKey: Guid(2c130f632af89d2439295d1dbd36751e) Importer(815301076,1909f56bfc062723c751e8b465ee728b)
Start importing Assets/Assets/penguin/Spritesheets/Hurt.png using Guid(2c130f632af89d2439295d1dbd36751e) Importer(815301076,1909f56bfc062723c751e8b465ee728b)  -> (artifact id: 'fa15eccdd25d8d634635dfed0b7280cb') in 0.033369 seconds
Number of updated asset objects reloaded before import = 0
Number of asset objects unloaded after import = 3
========================================================================
Received Import Request.
  Time since last request: 70.707817 seconds.
  path: Assets/Assets/penguin/GIFs/Crouch.gif
  artifactKey: Guid(1b7db4a4d3f39b142b3450d9a857d17a) Importer(815301076,1909f56bfc062723c751e8b465ee728b)
Start importing Assets/Assets/penguin/GIFs/Crouch.gif using Guid(1b7db4a4d3f39b142b3450d9a857d17a) Importer(815301076,1909f56bfc062723c751e8b465ee728b)  -> (artifact id: '6b4686a07682843d3a506bc9a052db6a') in 0.034554 seconds
Number of updated asset objects reloaded before import = 0
Number of asset objects unloaded after import = 3
========================================================================
Received Import Request.
  Time since last request: 0.000014 seconds.
  path: Assets/Assets/penguin/GIFs/Spin Attack.gif
  artifactKey: Guid(292c9d767b1b61e42802fc84af196e7c) Importer(815301076,1909f56bfc062723c751e8b465ee728b)
Start importing Assets/Assets/penguin/GIFs/Spin Attack.gif using Guid(292c9d767b1b61e42802fc84af196e7c) Importer(815301076,1909f56bfc062723c751e8b465ee728b)  -> (artifact id: '17d192579d057f128f959712a22a8d46') in 0.036786 seconds
Number of updated asset objects reloaded before import = 0
Number of asset objects unloaded after import = 3
========================================================================
Received Import Request.
  Time since last request: 0.000032 seconds.
  path: Assets/Assets/penguin/GIFs/Turn.gif
  artifactKey: Guid(4fa4139f1b9de2445a46cb3cef1b4777) Importer(815301076,1909f56bfc062723c751e8b465ee728b)
Start importing Assets/Assets/penguin/GIFs/Turn.gif using Guid(4fa4139f1b9de2445a46cb3cef1b4777) Importer(815301076,1909f56bfc062723c751e8b465ee728b)  -> (artifact id: 'cc99d382d452fe435cd8bf7e3a4e0a17') in 0.043644 seconds
Number of updated asset objects reloaded before import = 0
Number of asset objects unloaded after import = 3
========================================================================
Received Import Request.
  Time since last request: 0.000016 seconds.
  path: Assets/Assets/penguin/GIFs/Flap.gif
  artifactKey: Guid(c4fade6d6b257af47a4296f8acfab18a) Importer(815301076,1909f56bfc062723c751e8b465ee728b)
Start importing Assets/Assets/penguin/GIFs/Flap.gif using Guid(c4fade6d6b257af47a4296f8acfab18a) Importer(815301076,1909f56bfc062723c751e8b465ee728b)  -> (artifact id: 'e637d84fad96b8a4b73d9a0228f9d193') in 0.043778 seconds
Number of updated asset objects reloaded before import = 0
Number of asset objects unloaded after import = 3
========================================================================
Received Import Request.
  Time since last request: 0.000014 seconds.
  path: Assets/Assets/penguin/GIFs/Death.gif
  artifactKey: Guid(ebc217d1ec8db3d4da59bdc5b36e0086) Importer(815301076,1909f56bfc062723c751e8b465ee728b)
Start importing Assets/Assets/penguin/GIFs/Death.gif using Guid(ebc217d1ec8db3d4da59bdc5b36e0086) Importer(815301076,1909f56bfc062723c751e8b465ee728b)  -> (artifact id: 'a69c7ee12f70c1376982663291ca69a6') in 0.087372 seconds
Number of updated asset objects reloaded before import = 0
Number of asset objects unloaded after import = 3
========================================================================
Received Import Request.
  Time since last request: 0.000014 seconds.
  path: Assets/Assets/penguin/GIFs/Hurt.gif
  artifactKey: Guid(8d445e752bfd8de429a2d2a2f56144d1) Importer(815301076,1909f56bfc062723c751e8b465ee728b)
Start importing Assets/Assets/penguin/GIFs/Hurt.gif using Guid(8d445e752bfd8de429a2d2a2f56144d1) Importer(815301076,1909f56bfc062723c751e8b465ee728b)  -> (artifact id: '9be385f82c469c5deb3293c3d9c67e20') in 0.024998 seconds
Number of updated asset objects reloaded before import = 0
Number of asset objects unloaded after import = 3
========================================================================
Received Import Request.
  Time since last request: 0.000018 seconds.
  path: Assets/Assets/penguin/GIFs/Land.gif
  artifactKey: Guid(1d93f4c23b3257743a3078e07e9ed744) Importer(815301076,1909f56bfc062723c751e8b465ee728b)
Start importing Assets/Assets/penguin/GIFs/Land.gif using Guid(1d93f4c23b3257743a3078e07e9ed744) Importer(815301076,1909f56bfc062723c751e8b465ee728b)  -> (artifact id: '7628b727f0256c8ac0e8aac76eaa48ad') in 0.025269 seconds
Number of updated asset objects reloaded before import = 0
Number of asset objects unloaded after import = 3
========================================================================
Received Import Request.
  Time since last request: 0.000011 seconds.
  path: Assets/Assets/penguin/GIFs/Roll.gif
  artifactKey: Guid(d2be1dee5d190ec4cb59b360f8cd0336) Importer(815301076,1909f56bfc062723c751e8b465ee728b)
Start importing Assets/Assets/penguin/GIFs/Roll.gif using Guid(d2be1dee5d190ec4cb59b360f8cd0336) Importer(815301076,1909f56bfc062723c751e8b465ee728b)  -> (artifact id: '0b1e47a22abe86a8a9926594c1ccc313') in 0.025340 seconds
Number of updated asset objects reloaded before import = 0
Number of asset objects unloaded after import = 3
========================================================================
Received Import Request.
  Time since last request: 0.000011 seconds.
  path: Assets/Assets/penguin/GIFs/Fall.gif
  artifactKey: Guid(bdaec5b014432e347acba1272837481c) Importer(815301076,1909f56bfc062723c751e8b465ee728b)
Start importing Assets/Assets/penguin/GIFs/Fall.gif using Guid(bdaec5b014432e347acba1272837481c) Importer(815301076,1909f56bfc062723c751e8b465ee728b)  -> (artifact id: 'f5eba3ec56731d5ab527ea652b9ac86f') in 0.025249 seconds
Number of updated asset objects reloaded before import = 0
Number of asset objects unloaded after import = 3
========================================================================
Received Import Request.
  Time since last request: 0.000011 seconds.
  path: Assets/Assets/penguin/GIFs/Jump.gif
  artifactKey: Guid(86815e4045d25c64faa831864db78401) Importer(815301076,1909f56bfc062723c751e8b465ee728b)
Start importing Assets/Assets/penguin/GIFs/Jump.gif using Guid(86815e4045d25c64faa831864db78401) Importer(815301076,1909f56bfc062723c751e8b465ee728b)  -> (artifact id: '1adcd77cd744c70f3ccbcd4cecf9f309') in 0.031835 seconds
Number of updated asset objects reloaded before import = 0
Number of asset objects unloaded after import = 3
========================================================================
Received Import Request.
  Time since last request: 0.000013 seconds.
  path: Assets/Assets/penguin/GIFs/Walk.gif
  artifactKey: Guid(9d1a578f77f7d884d9f732758decd097) Importer(815301076,1909f56bfc062723c751e8b465ee728b)
Start importing Assets/Assets/penguin/GIFs/Walk.gif using Guid(9d1a578f77f7d884d9f732758decd097) Importer(815301076,1909f56bfc062723c751e8b465ee728b)  -> (artifact id: '397d1f3d35e1becb6d64ca506c493ec8') in 0.056659 seconds
Number of updated asset objects reloaded before import = 0
Number of asset objects unloaded after import = 3
========================================================================
Received Import Request.
  Time since last request: 0.000016 seconds.
  path: Assets/Assets/penguin/GIFs/Idle.gif
  artifactKey: Guid(eacfcc9d923a25940871192578d2f413) Importer(815301076,1909f56bfc062723c751e8b465ee728b)
Start importing Assets/Assets/penguin/GIFs/Idle.gif using Guid(eacfcc9d923a25940871192578d2f413) Importer(815301076,1909f56bfc062723c751e8b465ee728b)  -> (artifact id: '9e39201814d19cf5faa849c039cc06e5') in 0.054573 seconds
Number of updated asset objects reloaded before import = 0
Number of asset objects unloaded after import = 3
========================================================================
Received Import Request.
  Time since last request: 36.989350 seconds.
  path: Assets/Scenes/SampleScene.unity
  artifactKey: Guid(8c9cfa26abfee488c85f1582747f6a02) Importer(815301076,1909f56bfc062723c751e8b465ee728b)
Start importing Assets/Scenes/SampleScene.unity using Guid(8c9cfa26abfee488c85f1582747f6a02) Importer(815301076,1909f56bfc062723c751e8b465ee728b)  -> (artifact id: 'cbaf86c3f03648c5e793ca5c7378c2ed') in 0.000473 seconds
Number of updated asset objects reloaded before import = 0
Number of asset objects unloaded after import = 0
========================================================================
Received Import Request.
  Time since last request: 5.182029 seconds.
  path: Assets/Scenes/Intro.unity
  artifactKey: Guid(8c9cfa26abfee488c85f1582747f6a02) Importer(815301076,1909f56bfc062723c751e8b465ee728b)
Start importing Assets/Scenes/Intro.unity using Guid(8c9cfa26abfee488c85f1582747f6a02) Importer(815301076,1909f56bfc062723c751e8b465ee728b)  -> (artifact id: 'f62719aeee6ebe39a8918ab6dc0da655') in 0.000508 seconds
Number of updated asset objects reloaded before import = 0
Number of asset objects unloaded after import = 0
========================================================================
Received Import Request.
  Time since last request: 2727.491678 seconds.
  path: Assets/Assets/Sound/Kevin MacLeod - Itty Bitty 8 Bit.mp3
  artifactKey: Guid(3e5d1225b26033e4288bf69f4bf31e75) Importer(815301076,1909f56bfc062723c751e8b465ee728b)
Start importing Assets/Assets/Sound/Kevin MacLeod - Itty Bitty 8 Bit.mp3 using Guid(3e5d1225b26033e4288bf69f4bf31e75) Importer(815301076,1909f56bfc062723c751e8b465ee728b)  -> (artifact id: 'b892ef5f0a40e14a64b1ea60b26cdd4e') in 0.167859 seconds
Number of updated asset objects reloaded before import = 1
Number of asset objects unloaded after import = 2
========================================================================
Received Import Request.
  Time since last request: 0.000043 seconds.
  path: Assets/Assets/Sound/Monplaisir - Soundtrack.mp3
  artifactKey: Guid(dfdd79210a3405440afef10351ef8b1c) Importer(815301076,1909f56bfc062723c751e8b465ee728b)
Start importing Assets/Assets/Sound/Monplaisir - Soundtrack.mp3 using Guid(dfdd79210a3405440afef10351ef8b1c) Importer(815301076,1909f56bfc062723c751e8b465ee728b)  -> (artifact id: 'cd86b2b12d21e21eb08a09cd1fa963e8') in 0.016254 seconds
Number of updated asset objects reloaded before import = 0
Number of asset objects unloaded after import = 2
