Using pre-set license
Built from '2022.3/release' branch; Version is '2022.3.18f1 (d29bea25151d) revision 13802474'; Using compiler version '192829333'; Build Type 'Release'
OS: 'Windows 10  (10.0.19045) 64bit Core' Language: 'ko' Physical Memory: 16265 MB
BatchMode: 1, IsHumanControllingUs: 0, StartBugReporterOnCrash: 0, Is64bit: 1, IsPro: 1

COMMAND LINE ARGUMENTS:
G:\Unity\Editor\2022.3.18f1\Editor\Unity.exe
-adb2
-batchMode
-noUpm
-name
AssetImportWorker0
-projectPath
G:/GitHub/peng/pengProject
-logFile
Logs/AssetImportWorker0.log
-srvPort
60739
Successfully changed project path to: G:/GitHub/peng/pengProject
G:/GitHub/peng/pengProject
[UnityMemory] Configuration Parameters - Can be set up in boot.config
    "memorysetup-bucket-allocator-granularity=16"
    "memorysetup-bucket-allocator-bucket-count=8"
    "memorysetup-bucket-allocator-block-size=33554432"
    "memorysetup-bucket-allocator-block-count=8"
    "memorysetup-main-allocator-block-size=16777216"
    "memorysetup-thread-allocator-block-size=16777216"
    "memorysetup-gfx-main-allocator-block-size=16777216"
    "memorysetup-gfx-thread-allocator-block-size=16777216"
    "memorysetup-cache-allocator-block-size=4194304"
    "memorysetup-typetree-allocator-block-size=2097152"
    "memorysetup-profiler-bucket-allocator-granularity=16"
    "memorysetup-profiler-bucket-allocator-bucket-count=8"
    "memorysetup-profiler-bucket-allocator-block-size=33554432"
    "memorysetup-profiler-bucket-allocator-block-count=8"
    "memorysetup-profiler-allocator-block-size=16777216"
    "memorysetup-profiler-editor-allocator-block-size=1048576"
    "memorysetup-temp-allocator-size-main=16777216"
    "memorysetup-job-temp-allocator-block-size=2097152"
    "memorysetup-job-temp-allocator-block-size-background=1048576"
    "memorysetup-job-temp-allocator-reduction-small-platforms=262144"
    "memorysetup-allocator-temp-initial-block-size-main=262144"
    "memorysetup-allocator-temp-initial-block-size-worker=262144"
    "memorysetup-temp-allocator-size-background-worker=32768"
    "memorysetup-temp-allocator-size-job-worker=262144"
    "memorysetup-temp-allocator-size-preload-manager=33554432"
    "memorysetup-temp-allocator-size-nav-mesh-worker=65536"
    "memorysetup-temp-allocator-size-audio-worker=65536"
    "memorysetup-temp-allocator-size-cloud-worker=32768"
    "memorysetup-temp-allocator-size-gi-baking-worker=262144"
    "memorysetup-temp-allocator-size-gfx=262144"
Player connection [2404] Host "[IP] 192.168.45.239 [Port] 0 [Flags] 2 [Guid] 128145676 [EditorId] 128145676 [Version] 1048832 [Id] WindowsEditor(7,DESKTOP-44E40J8) [Debug] 1 [PackageName] WindowsEditor [ProjectName] Editor" joined multi-casting on [225.0.0.222:54997]...

Player connection [2404] Host "[IP] 192.168.45.239 [Port] 0 [Flags] 2 [Guid] 128145676 [EditorId] 128145676 [Version] 1048832 [Id] WindowsEditor(7,DESKTOP-44E40J8) [Debug] 1 [PackageName] WindowsEditor [ProjectName] Editor" joined alternative multi-casting on [225.0.0.222:34997]...

[Physics::Module] Initialized MultithreadedJobDispatcher with 11 workers.
Refreshing native plugins compatible for Editor in 17.66 ms, found 4 plugins.
Preloading 0 native plugins for Editor in 0.00 ms.
Initialize engine version: 2022.3.18f1 (d29bea25151d)
[Subsystems] Discovering subsystems at path G:/Unity/Editor/2022.3.18f1/Editor/Data/Resources/UnitySubsystems
[Subsystems] Discovering subsystems at path G:/GitHub/peng/pengProject/Assets
GfxDevice: creating device client; threaded=0; jobified=0
Direct3D:
    Version:  Direct3D 11.0 [level 11.1]
    Renderer: NVIDIA GeForce RTX 3060 (ID=0x2504)
    Vendor:   NVIDIA
    VRAM:     12115 MB
    Driver:   31.0.15.5152
Initialize mono
Mono path[0] = 'G:/Unity/Editor/2022.3.18f1/Editor/Data/Managed'
Mono path[1] = 'G:/Unity/Editor/2022.3.18f1/Editor/Data/MonoBleedingEdge/lib/mono/unityjit-win32'
Mono config path = 'G:/Unity/Editor/2022.3.18f1/Editor/Data/MonoBleedingEdge/etc'
Using monoOptions --debugger-agent=transport=dt_socket,embedding=1,server=y,suspend=n,address=127.0.0.1:56132
Begin MonoManager ReloadAssembly
Registering precompiled unity dll's ...
Register platform support module: G:/Unity/Editor/2022.3.18f1/Editor/Data/PlaybackEngines/WindowsStandaloneSupport/UnityEditor.WindowsStandalone.Extensions.dll
Registered in 0.007374 seconds.
- Loaded All Assemblies, in  0.394 seconds
Native extension for WindowsStandalone target not found
Mono: successfully reloaded assembly
- Finished resetting the current domain, in  0.306 seconds
Domain Reload Profiling: 699ms
	BeginReloadAssembly (151ms)
		ExecutionOrderSort (0ms)
		DisableScriptedObjects (0ms)
		BackupInstance (0ms)
		ReleaseScriptingObjects (0ms)
		CreateAndSetChildDomain (1ms)
	RebuildCommonClasses (31ms)
	RebuildNativeTypeToScriptingClass (11ms)
	initialDomainReloadingComplete (57ms)
	LoadAllAssembliesAndSetupDomain (142ms)
		LoadAssemblies (151ms)
		RebuildTransferFunctionScriptingTraits (0ms)
		AnalyzeDomain (140ms)
			TypeCache.Refresh (138ms)
				TypeCache.ScanAssembly (125ms)
			ScanForSourceGeneratedMonoScriptInfo (0ms)
			ResolveRequiredComponents (0ms)
	FinalizeReload (307ms)
		ReleaseScriptCaches (0ms)
		RebuildScriptCaches (0ms)
		SetupLoadedEditorAssemblies (244ms)
			LogAssemblyErrors (0ms)
			InitializePlatformSupportModulesInManaged (9ms)
			SetLoadedEditorAssemblies (9ms)
			RefreshPlugins (0ms)
			BeforeProcessingInitializeOnLoad (2ms)
			ProcessInitializeOnLoadAttributes (165ms)
			ProcessInitializeOnLoadMethodAttributes (59ms)
			AfterProcessingInitializeOnLoad (0ms)
			EditorAssembliesLoaded (0ms)
		ExecutionOrderSort2 (0ms)
		AwakeInstancesAfterBackupRestoration (0ms)
========================================================================
Worker process is ready to serve import requests
Begin MonoManager ReloadAssembly
- Loaded All Assemblies, in  0.848 seconds
Refreshing native plugins compatible for Editor in 9.75 ms, found 4 plugins.
Native extension for WindowsStandalone target not found
Package Manager log level set to [2]
[Package Manager] Server::EnsureServerProcessIsRunning -- launch failed, reason: Unity was launched with the -noUpm command-line argument
[Package Manager] UpmClient::Send -- Unable to send message (not connected to UPM process).
[Package Manager] Cannot connect to Unity Package Manager local server
Mono: successfully reloaded assembly
- Finished resetting the current domain, in  3.415 seconds
Domain Reload Profiling: 4261ms
	BeginReloadAssembly (217ms)
		ExecutionOrderSort (0ms)
		DisableScriptedObjects (7ms)
		BackupInstance (0ms)
		ReleaseScriptingObjects (0ms)
		CreateAndSetChildDomain (28ms)
	RebuildCommonClasses (38ms)
	RebuildNativeTypeToScriptingClass (10ms)
	initialDomainReloadingComplete (41ms)
	LoadAllAssembliesAndSetupDomain (540ms)
		LoadAssemblies (439ms)
		RebuildTransferFunctionScriptingTraits (0ms)
		AnalyzeDomain (246ms)
			TypeCache.Refresh (200ms)
				TypeCache.ScanAssembly (182ms)
			ScanForSourceGeneratedMonoScriptInfo (34ms)
			ResolveRequiredComponents (10ms)
	FinalizeReload (3415ms)
		ReleaseScriptCaches (0ms)
		RebuildScriptCaches (0ms)
		SetupLoadedEditorAssemblies (3190ms)
			LogAssemblyErrors (0ms)
			InitializePlatformSupportModulesInManaged (7ms)
			SetLoadedEditorAssemblies (7ms)
			RefreshPlugins (0ms)
			BeforeProcessingInitializeOnLoad (535ms)
			ProcessInitializeOnLoadAttributes (2480ms)
			ProcessInitializeOnLoadMethodAttributes (152ms)
			AfterProcessingInitializeOnLoad (9ms)
			EditorAssembliesLoaded (0ms)
		ExecutionOrderSort2 (0ms)
		AwakeInstancesAfterBackupRestoration (26ms)
Launched and connected shader compiler UnityShaderCompiler.exe after 0.44 seconds
Refreshing native plugins compatible for Editor in 12.89 ms, found 4 plugins.
Preloading 0 native plugins for Editor in 0.00 ms.
Unloading 5656 Unused Serialized files (Serialized files now loaded: 0)
Unloading 100 unused Assets / (0.9 MB). Loaded Objects now: 6100.
Memory consumption went from 220.7 MB to 219.8 MB.
Total: 10.514600 ms (FindLiveObjects: 0.604100 ms CreateObjectMapping: 0.667800 ms MarkObjects: 8.571200 ms  DeleteObjects: 0.670400 ms)

AssetImportParameters requested are different than current active one (requested -> active):
  custom:container-demuxer-ogg: 62fdf1f143b41e24485cea50d1cbac27 -> 
  custom:video-decoder-ogg-theora: a1e56fd34408186e4bbccfd4996cb3dc -> 
  custom:framework-win-MediaFoundation: 216162199b28c13a410421893ffa2e32 -> 
  custom:CustomObjectIndexerAttribute: 62b5816608c3102f162a1797e29626cf -> 
  custom:container-demuxer-webm: 4f35f7cbe854078d1ac9338744f61a02 -> 
  custom:container-muxer-webm: aa71ff27fc2769a1b78a27578f13a17b -> 
  custom:video-decoder-webm-vp8: 9c59270c3fd7afecdb556c50c9e8de78 -> 
  custom:SearchIndexIgnoredProperties: e643bd26f0fe6173181afceb89e7c659 -> 
  custom:AudioImporter_EditorPlatform: d09bf68614088b80899f8185d706f6e7 -> 
  custom:video-encoder-webm-vp8: eb34c28f22e8b96e1ab97ce403110664 -> 
  custom:audio-decoder-ogg-vorbis: bf7c407c2cedff20999df2af8eb42d56 -> 
  custom:audio-encoder-webm-vorbis: bf7c407c2cedff20999df2af8eb42d56 -> 
========================================================================
Received Import Request.
  Time since last request: 45977.261100 seconds.
  path: Assets/Assets
  artifactKey: Guid(adcb3b55de4d1f0409e015621b8d168d) Importer(815301076,1909f56bfc062723c751e8b465ee728b)
Start importing Assets/Assets using Guid(adcb3b55de4d1f0409e015621b8d168d) Importer(815301076,1909f56bfc062723c751e8b465ee728b)  -> (artifact id: '39f349d7b3b8b6c5bb914bb0b3594f33') in 0.001429 seconds
Number of updated asset objects reloaded before import = 0
Number of asset objects unloaded after import = 0
========================================================================
Received Import Request.
  Time since last request: 223.892280 seconds.
  path: Assets/Scenes
  artifactKey: Guid(3989f32891adcde41ab35ba0f2494bd7) Importer(815301076,1909f56bfc062723c751e8b465ee728b)
Start importing Assets/Scenes using Guid(3989f32891adcde41ab35ba0f2494bd7) Importer(815301076,1909f56bfc062723c751e8b465ee728b)  -> (artifact id: '8857df7ae7790b3270163c0fa170a5a7') in 0.000427 seconds
Number of updated asset objects reloaded before import = 0
Number of asset objects unloaded after import = 0
========================================================================
Received Import Request.
  Time since last request: 444.033355 seconds.
  path: Assets/Assets/penguin
  artifactKey: Guid(44cba3f2c70f0104baf621ee495bf81f) Importer(815301076,1909f56bfc062723c751e8b465ee728b)
Start importing Assets/Assets/penguin using Guid(44cba3f2c70f0104baf621ee495bf81f) Importer(815301076,1909f56bfc062723c751e8b465ee728b)  -> (artifact id: '2ea67d1e9147aec792298a45986419c2') in 0.000493 seconds
Number of updated asset objects reloaded before import = 0
Number of asset objects unloaded after import = 0
========================================================================
Received Import Request.
  Time since last request: 4.418227 seconds.
  path: Assets/Assets/penguin/Spritesheets.zip
  artifactKey: Guid(62c6e0f1a407a5b4ebc9c4a1635601b7) Importer(815301076,1909f56bfc062723c751e8b465ee728b)
Start importing Assets/Assets/penguin/Spritesheets.zip using Guid(62c6e0f1a407a5b4ebc9c4a1635601b7) Importer(815301076,1909f56bfc062723c751e8b465ee728b)  -> (artifact id: '7a16fab8eedef5ba3f982c9a5c368de1') in 0.008467 seconds
Number of updated asset objects reloaded before import = 0
Number of asset objects unloaded after import = 1
========================================================================
Received Import Request.
  Time since last request: 0.431591 seconds.
  path: Assets/Assets/penguin/GIFs.zip
  artifactKey: Guid(b70b5bb4198b8c44c84bac30fe63b1a9) Importer(815301076,1909f56bfc062723c751e8b465ee728b)
Start importing Assets/Assets/penguin/GIFs.zip using Guid(b70b5bb4198b8c44c84bac30fe63b1a9) Importer(815301076,1909f56bfc062723c751e8b465ee728b)  -> (artifact id: '7fd3617e7d1abf659f6f990a1f36426b') in 0.000888 seconds
Number of updated asset objects reloaded before import = 0
Number of asset objects unloaded after import = 1
========================================================================
Received Import Request.
  Time since last request: 19.681499 seconds.
  path: Assets/Assets/penguin/GIFs
  artifactKey: Guid(68c904c3f816fd3469a527256a1e449a) Importer(815301076,1909f56bfc062723c751e8b465ee728b)
Start importing Assets/Assets/penguin/GIFs using Guid(68c904c3f816fd3469a527256a1e449a) Importer(815301076,1909f56bfc062723c751e8b465ee728b)  -> (artifact id: '68002796469f20a3ac45175b06120b44') in 0.000654 seconds
Number of updated asset objects reloaded before import = 0
Number of asset objects unloaded after import = 0
========================================================================
Received Import Request.
  Time since last request: 0.408302 seconds.
  path: Assets/Assets/penguin/GIFs/Crouch.gif
  artifactKey: Guid(1b7db4a4d3f39b142b3450d9a857d17a) Importer(815301076,1909f56bfc062723c751e8b465ee728b)
Start importing Assets/Assets/penguin/GIFs/Crouch.gif using Guid(1b7db4a4d3f39b142b3450d9a857d17a) Importer(815301076,1909f56bfc062723c751e8b465ee728b)  -> (artifact id: '6d272c4052a4e9561cb544b18cf250a6') in 0.115161 seconds
Number of updated asset objects reloaded before import = 0
Number of asset objects unloaded after import = 3
========================================================================
Received Import Request.
  Time since last request: 0.000021 seconds.
  path: Assets/Assets/penguin/GIFs/Spin Attack.gif
  artifactKey: Guid(292c9d767b1b61e42802fc84af196e7c) Importer(815301076,1909f56bfc062723c751e8b465ee728b)
Start importing Assets/Assets/penguin/GIFs/Spin Attack.gif using Guid(292c9d767b1b61e42802fc84af196e7c) Importer(815301076,1909f56bfc062723c751e8b465ee728b)  -> (artifact id: '8972f99ea1250c39038ac56ace8d8923') in 0.034379 seconds
Number of updated asset objects reloaded before import = 0
Number of asset objects unloaded after import = 3
========================================================================
Received Import Request.
  Time since last request: 0.000023 seconds.
  path: Assets/Assets/penguin/GIFs/Flap.gif
  artifactKey: Guid(c4fade6d6b257af47a4296f8acfab18a) Importer(815301076,1909f56bfc062723c751e8b465ee728b)
Start importing Assets/Assets/penguin/GIFs/Flap.gif using Guid(c4fade6d6b257af47a4296f8acfab18a) Importer(815301076,1909f56bfc062723c751e8b465ee728b)  -> (artifact id: '02ed075b676f9c89ff24918fa545ade2') in 0.019952 seconds
Number of updated asset objects reloaded before import = 0
Number of asset objects unloaded after import = 3
========================================================================
Received Import Request.
  Time since last request: 0.000014 seconds.
  path: Assets/Assets/penguin/GIFs/Land.gif
  artifactKey: Guid(1d93f4c23b3257743a3078e07e9ed744) Importer(815301076,1909f56bfc062723c751e8b465ee728b)
Start importing Assets/Assets/penguin/GIFs/Land.gif using Guid(1d93f4c23b3257743a3078e07e9ed744) Importer(815301076,1909f56bfc062723c751e8b465ee728b)  -> (artifact id: 'e1b9f2992073d206fba4f7b322507ce0') in 0.026010 seconds
Number of updated asset objects reloaded before import = 0
Number of asset objects unloaded after import = 3
========================================================================
Received Import Request.
  Time since last request: 0.000013 seconds.
  path: Assets/Assets/penguin/GIFs/Jump.gif
  artifactKey: Guid(86815e4045d25c64faa831864db78401) Importer(815301076,1909f56bfc062723c751e8b465ee728b)
Start importing Assets/Assets/penguin/GIFs/Jump.gif using Guid(86815e4045d25c64faa831864db78401) Importer(815301076,1909f56bfc062723c751e8b465ee728b)  -> (artifact id: '181255a09c1fcbf844656481d67847b0') in 0.018609 seconds
Number of updated asset objects reloaded before import = 0
Number of asset objects unloaded after import = 3
========================================================================
Received Import Request.
  Time since last request: 0.645547 seconds.
  path: Assets/Assets/penguin/GIFs/Walk.gif
  artifactKey: Guid(9d1a578f77f7d884d9f732758decd097) Importer(815301076,1909f56bfc062723c751e8b465ee728b)
Start importing Assets/Assets/penguin/GIFs/Walk.gif using Guid(9d1a578f77f7d884d9f732758decd097) Importer(815301076,1909f56bfc062723c751e8b465ee728b)  -> (artifact id: '715cb3b81e901be6ca6aba0a3d1c04d0') in 0.016455 seconds
Number of updated asset objects reloaded before import = 0
Number of asset objects unloaded after import = 3
========================================================================
Received Import Request.
  Time since last request: 6.084000 seconds.
  path: Assets/Assets/penguin/Spritesheets/Death.png
  artifactKey: Guid(4cebe829a08ecc04cac8b3943d01eb45) Importer(815301076,1909f56bfc062723c751e8b465ee728b)
Start importing Assets/Assets/penguin/Spritesheets/Death.png using Guid(4cebe829a08ecc04cac8b3943d01eb45) Importer(815301076,1909f56bfc062723c751e8b465ee728b)  -> (artifact id: '00f310b4f5d1f392cd87d1e57f4d599c') in 0.025423 seconds
Number of updated asset objects reloaded before import = 0
Number of asset objects unloaded after import = 3
========================================================================
Received Import Request.
  Time since last request: 0.000023 seconds.
  path: Assets/Assets/penguin/Spritesheets/Flap.png
  artifactKey: Guid(89ac78c14b6ae7b44ad3e114cb701b86) Importer(815301076,1909f56bfc062723c751e8b465ee728b)
Start importing Assets/Assets/penguin/Spritesheets/Flap.png using Guid(89ac78c14b6ae7b44ad3e114cb701b86) Importer(815301076,1909f56bfc062723c751e8b465ee728b)  -> (artifact id: '487df43de231802d46658af63b57a1c7') in 0.024286 seconds
Number of updated asset objects reloaded before import = 0
Number of asset objects unloaded after import = 3
========================================================================
Received Import Request.
  Time since last request: 0.000017 seconds.
  path: Assets/Assets/penguin/Spritesheets/Land.png
  artifactKey: Guid(74caad099cc2c854f85174da5d686ab8) Importer(815301076,1909f56bfc062723c751e8b465ee728b)
Start importing Assets/Assets/penguin/Spritesheets/Land.png using Guid(74caad099cc2c854f85174da5d686ab8) Importer(815301076,1909f56bfc062723c751e8b465ee728b)  -> (artifact id: '55c2928a10bdbaf22e6af17a150975bf') in 0.024038 seconds
Number of updated asset objects reloaded before import = 0
Number of asset objects unloaded after import = 3
========================================================================
Received Import Request.
  Time since last request: 0.000016 seconds.
  path: Assets/Assets/penguin/Spritesheets/Jump.png
  artifactKey: Guid(29e1de54e082ea84e9404f3f85139f4b) Importer(815301076,1909f56bfc062723c751e8b465ee728b)
Start importing Assets/Assets/penguin/Spritesheets/Jump.png using Guid(29e1de54e082ea84e9404f3f85139f4b) Importer(815301076,1909f56bfc062723c751e8b465ee728b)  -> (artifact id: '37978053ad9ebd46cae1c282605e58d6') in 0.025673 seconds
Number of updated asset objects reloaded before import = 0
Number of asset objects unloaded after import = 3
Editor requested this worker to shutdown with reason: Scaling down because of idle timeout
TcpMessagingSession - receive error: operation aborted. errorcode: 995, details: 스레드 종료 또는 응용 프로그램 요청 때문에 I/O 작업이 취소되었습니다.
AssetImportWorker is now disconnected from the server
Process exiting
Exiting without the bug reporter. Application will terminate with return code 0